<?xml version="1.0" encoding="UTF-8"?>
<testsuite xmlns:xsi="http://www.w3.org/2001/XMLSchema-instance" xsi:noNamespaceSchemaLocation="https://maven.apache.org/surefire/maven-surefire-plugin/xsd/surefire-test-report-3.0.xsd" version="3.0" name="com.example.demoh2.DemoH2ApplicationTests" time="21.577" tests="1" errors="0" skipped="0" failures="0">
  <properties>
[...]
</properties>
  <testcase name="contextLoads" classname="com.example.demoh2.DemoH2ApplicationTests" time="1.163">
    <system-out><![CDATA[18:46:33.819 [main] INFO org.springframework.test.context.support.AnnotationConfigContextLoaderUtils -- Could not detect default configuration classes for test class [com.example.demoh2.DemoH2ApplicationTests]: DemoH2ApplicationTests does not declare any static, non-private, non-final, nested classes annotated with @Configuration.
18:46:34.363 [main] INFO org.springframework.boot.test.context.SpringBootTestContextBootstrapper -- Found @SpringBootConfiguration com.example.demoh2.DemoH2Application for test class com.example.demoh2.DemoH2ApplicationTests

  .   ____          _            __ _ _
 /\\ / ___'_ __ _ _(_)_ __  __ _ \ \ \ \
( ( )\___ | '_ | '_| | '_ \/ _` | \ \ \ \
 \\/  ___)| |_)| | | | | || (_| |  ) ) ) )
  '  |____| .__|_| |_|_| |_\__, | / / / /
 =========|_|==============|___/=/_/_/_/

 :: Spring Boot ::                (v3.3.4)

2025-10-15T18:46:36.668+02:00  INFO 9792 --- [           main] c.example.demoh2.DemoH2ApplicationTests  : Starting DemoH2ApplicationTests using Java 21.0.8 with PID 9792 (started by Tarde in C:\Ejercicios\demo-h2)
2025-10-15T18:46:36.671+02:00  INFO 9792 --- [           main] c.example.demoh2.DemoH2ApplicationTests  : No active profile set, falling back to 1 default profile: "default"
2025-10-15T18:46:39.809+02:00  INFO 9792 --- [           main] .s.d.r.c.RepositoryConfigurationDelegate : Bootstrapping Spring Data JPA repositories in DEFAULT mode.
2025-10-15T18:46:40.042+02:00  INFO 9792 --- [           main] .s.d.r.c.RepositoryConfigurationDelegate : Finished Spring Data repository scanning in 185 ms. Found 2 JPA repository interfaces.
2025-10-15T18:46:42.490+02:00  INFO 9792 --- [           main] o.hibernate.jpa.internal.util.LogHelper  : HHH000204: Processing PersistenceUnitInfo [name: default]
2025-10-15T18:46:42.776+02:00  INFO 9792 --- [           main] org.hibernate.Version                    : HHH000412: Hibernate ORM core version 6.5.3.Final
2025-10-15T18:46:43.178+02:00  INFO 9792 --- [           main] o.h.c.internal.RegionFactoryInitiator    : HHH000026: Second-level cache disabled
2025-10-15T18:46:44.544+02:00  INFO 9792 --- [           main] o.s.o.j.p.SpringPersistenceUnitInfo      : No LoadTimeWeaver setup: ignoring JPA class transformer
2025-10-15T18:46:44.628+02:00  INFO 9792 --- [           main] com.zaxxer.hikari.HikariDataSource       : HikariPool-1 - Starting...
2025-10-15T18:46:45.188+02:00  INFO 9792 --- [           main] com.zaxxer.hikari.pool.HikariPool        : HikariPool-1 - Added connection conn0: url=jdbc:h2:mem:testdb user=SA
2025-10-15T18:46:45.193+02:00  INFO 9792 --- [           main] com.zaxxer.hikari.HikariDataSource       : HikariPool-1 - Start completed.
2025-10-15T18:46:47.121+02:00  INFO 9792 --- [           main] o.h.e.t.j.p.i.JtaPlatformInitiator       : HHH000489: No JTA platform available (set 'hibernate.transaction.jta.platform' to enable JTA platform integration)
Hibernate: create table alumno (id bigint generated by default as identity, email varchar(255), nombre varchar(255), curso_id bigint, primary key (id))
Hibernate: create table curso (id bigint generated by default as identity, nombre varchar(255), profesor varchar(255), primary key (id))
Hibernate: alter table if exists alumno add constraint FKojks48ahsqwkx9o2s7pl0212p foreign key (curso_id) references curso
2025-10-15T18:46:47.322+02:00  INFO 9792 --- [           main] j.LocalContainerEntityManagerFactoryBean : Initialized JPA EntityManagerFactory for persistence unit 'default'
2025-10-15T18:46:48.218+02:00  WARN 9792 --- [           main] JpaBaseConfiguration$JpaWebConfiguration : spring.jpa.open-in-view is enabled by default. Therefore, database queries may be performed during view rendering. Explicitly configure spring.jpa.open-in-view to disable this warning
2025-10-15T18:46:49.089+02:00  INFO 9792 --- [           main] r$InitializeUserDetailsManagerConfigurer : Global AuthenticationManager configured with UserDetailsService bean with name userDetailsService
2025-10-15T18:46:52.430+02:00  INFO 9792 --- [           main] o.s.b.a.h2.H2ConsoleAutoConfiguration    : H2 console available at '/h2-console'. Database available at 'jdbc:h2:mem:testdb'
2025-10-15T18:46:53.147+02:00  INFO 9792 --- [           main] c.example.demoh2.DemoH2ApplicationTests  : Started DemoH2ApplicationTests in 17.682 seconds (process running for 23.479)
]]></system-out>
    <system-err><![CDATA[WARNING: A Java agent has been loaded dynamically (C:\Users\Tarde\.m2\repository\net\bytebuddy\byte-buddy-agent\1.14.19\byte-buddy-agent-1.14.19.jar)
WARNING: If a serviceability tool is in use, please run with -XX:+EnableDynamicAgentLoading to hide this warning
WARNING: If a serviceability tool is not in use, please run with -Djdk.instrument.traceUsage for more information
WARNING: Dynamic loading of agents will be disallowed by default in a future release
]]></system-err>
  </testcase>
</testsuite>