<?xml version="1.0" encoding="UTF-8"?>
<testsuite xmlns:xsi="http://www.w3.org/2001/XMLSchema-instance" xsi:noNamespaceSchemaLocation="https://maven.apache.org/surefire/maven-surefire-plugin/xsd/surefire-test-report-3.0.xsd" version="3.0" name="com.example.demoh2.DemoH2ApplicationTests" time="16.723" tests="1" errors="0" skipped="0" failures="0">
  <properties>
[...]
</properties>
  <testcase name="contextLoads" classname="com.example.demoh2.DemoH2ApplicationTests" time="1.549">
    <system-out><![CDATA[20:03:22.373 [main] INFO org.springframework.test.context.support.AnnotationConfigContextLoaderUtils -- Could not detect default configuration classes for test class [com.example.demoh2.DemoH2ApplicationTests]: DemoH2ApplicationTests does not declare any static, non-private, non-final, nested classes annotated with @Configuration.
20:03:22.769 [main] INFO org.springframework.boot.test.context.SpringBootTestContextBootstrapper -- Found @SpringBootConfiguration com.example.demoh2.DemoH2Application for test class com.example.demoh2.DemoH2ApplicationTests

  .   ____          _            __ _ _
 /\\ / ___'_ __ _ _(_)_ __  __ _ \ \ \ \
( ( )\___ | '_ | '_| | '_ \/ _` | \ \ \ \
 \\/  ___)| |_)| | | | | || (_| |  ) ) ) )
  '  |____| .__|_| |_|_| |_\__, | / / / /
 =========|_|==============|___/=/_/_/_/

 :: Spring Boot ::                (v3.3.4)

2025-10-07T20:03:23.950+02:00  INFO 3212 --- [           main] c.example.demoh2.DemoH2ApplicationTests  : Starting DemoH2ApplicationTests using Java 21.0.8 with PID 3212 (started by Tarde in C:\Ejercicios\demo-h2)
2025-10-07T20:03:23.954+02:00  INFO 3212 --- [           main] c.example.demoh2.DemoH2ApplicationTests  : No active profile set, falling back to 1 default profile: "default"
2025-10-07T20:03:27.118+02:00  INFO 3212 --- [           main] .s.d.r.c.RepositoryConfigurationDelegate : Bootstrapping Spring Data JPA repositories in DEFAULT mode.
2025-10-07T20:03:27.398+02:00  INFO 3212 --- [           main] .s.d.r.c.RepositoryConfigurationDelegate : Finished Spring Data repository scanning in 207 ms. Found 2 JPA repository interfaces.
2025-10-07T20:03:29.502+02:00  INFO 3212 --- [           main] o.hibernate.jpa.internal.util.LogHelper  : HHH000204: Processing PersistenceUnitInfo [name: default]
2025-10-07T20:03:29.632+02:00  INFO 3212 --- [           main] org.hibernate.Version                    : HHH000412: Hibernate ORM core version 6.5.3.Final
2025-10-07T20:03:29.710+02:00  INFO 3212 --- [           main] o.h.c.internal.RegionFactoryInitiator    : HHH000026: Second-level cache disabled
2025-10-07T20:03:30.433+02:00  INFO 3212 --- [           main] o.s.o.j.p.SpringPersistenceUnitInfo      : No LoadTimeWeaver setup: ignoring JPA class transformer
2025-10-07T20:03:30.611+02:00  INFO 3212 --- [           main] com.zaxxer.hikari.HikariDataSource       : HikariPool-1 - Starting...
2025-10-07T20:03:31.089+02:00  INFO 3212 --- [           main] com.zaxxer.hikari.pool.HikariPool        : HikariPool-1 - Added connection conn0: url=jdbc:h2:mem:testdb user=SA
2025-10-07T20:03:31.095+02:00  INFO 3212 --- [           main] com.zaxxer.hikari.HikariDataSource       : HikariPool-1 - Start completed.
2025-10-07T20:03:33.244+02:00  INFO 3212 --- [           main] o.h.e.t.j.p.i.JtaPlatformInitiator       : HHH000489: No JTA platform available (set 'hibernate.transaction.jta.platform' to enable JTA platform integration)
Hibernate: create table alumno (id bigint generated by default as identity, email varchar(255), nombre varchar(255), curso_id bigint, primary key (id))
Hibernate: create table curso (id bigint generated by default as identity, nombre varchar(255), profesor varchar(255), primary key (id))
Hibernate: alter table if exists alumno add constraint FKojks48ahsqwkx9o2s7pl0212p foreign key (curso_id) references curso
2025-10-07T20:03:33.359+02:00  INFO 3212 --- [           main] j.LocalContainerEntityManagerFactoryBean : Initialized JPA EntityManagerFactory for persistence unit 'default'
2025-10-07T20:03:35.540+02:00  WARN 3212 --- [           main] JpaBaseConfiguration$JpaWebConfiguration : spring.jpa.open-in-view is enabled by default. Therefore, database queries may be performed during view rendering. Explicitly configure spring.jpa.open-in-view to disable this warning
2025-10-07T20:03:36.611+02:00  INFO 3212 --- [           main] o.s.b.a.h2.H2ConsoleAutoConfiguration    : H2 console available at '/h2-console'. Database available at 'jdbc:h2:mem:testdb'
2025-10-07T20:03:36.814+02:00  INFO 3212 --- [           main] c.example.demoh2.DemoH2ApplicationTests  : Started DemoH2ApplicationTests in 13.704 seconds (process running for 17.262)
]]></system-out>
    <system-err><![CDATA[WARNING: A Java agent has been loaded dynamically (C:\Users\Tarde\.m2\repository\net\bytebuddy\byte-buddy-agent\1.14.19\byte-buddy-agent-1.14.19.jar)
WARNING: If a serviceability tool is in use, please run with -XX:+EnableDynamicAgentLoading to hide this warning
WARNING: If a serviceability tool is not in use, please run with -Djdk.instrument.traceUsage for more information
WARNING: Dynamic loading of agents will be disallowed by default in a future release
]]></system-err>
  </testcase>
</testsuite>